<?xml version="1.0" encoding="UTF-8"?>
<!-- Generated by org.testng.reporters.JUnitReportReporter -->
<testsuite hostname="sanjay237" failures="0" tests="1" name="Shop.Tests.GuestCheckout" time="7.059" errors="0" timestamp="2022-11-02T19:04:12 IST" skipped="0">
  <testcase classname="Shop.Tests.GuestCheckout" name="placeOrder" time="7.059"/>
  <system-out/>
</testsuite> <!-- Shop.Tests.GuestCheckout -->
