<?xml version="1.0" encoding="UTF-8"?>
<!-- Generated by org.testng.reporters.JUnitReportReporter -->
<testsuite hostname="sanjay237" failures="0" tests="1" name="Shop.Tests.CustomerCheckoutTest" time="90.161" errors="0" timestamp="2022-12-19T16:30:08 IST" skipped="0">
  <testcase classname="Shop.Tests.CustomerCheckoutTest" name="CustomerplaceOrder" time="90.161"/>
  <system-out/>
</testsuite> <!-- Shop.Tests.CustomerCheckoutTest -->
