<?xml version="1.0" encoding="UTF-8"?>
<!-- Generated by org.testng.reporters.JUnitReportReporter -->
<testsuite hostname="sanjay237" failures="0" tests="1" name="admin.Tests.AdminLoginTest" time="6.601" errors="0" timestamp="2022-12-16T19:27:30 IST" skipped="0">
  <testcase classname="admin.Tests.AdminLoginTest" name="login" time="6.601"/>
  <system-out/>
</testsuite> <!-- admin.Tests.AdminLoginTest -->
