<?xml version="1.0" encoding="UTF-8"?>
<!-- Generated by org.testng.reporters.JUnitReportReporter -->
<testsuite hostname="sanjay237" failures="0" tests="1" name="admin.Tests.ApplyCataloRuleTest" time="4.609" errors="0" timestamp="2022-12-12T16:11:26 IST" skipped="0">
  <testcase classname="admin.Tests.ApplyCataloRuleTest" name="create" time="4.609"/>
  <system-out/>
</testsuite> <!-- admin.Tests.ApplyCataloRuleTest -->
