<?xml version="1.0" encoding="UTF-8"?>
<!-- Generated by org.testng.reporters.JUnitReportReporter -->
<testsuite hostname="sanjay237" failures="0" tests="2" name="Shop.Tests.GuestCheckout" time="14.828" errors="0" timestamp="2022-10-16T16:44:45 IST" skipped="1">
  <testcase classname="Shop.Tests.GuestCheckout" name="placeOrder" time="8.162">
    <skipped/>
  </testcase> <!-- placeOrder -->
  <system-out/>
  <testcase classname="Shop.Tests.GuestCheckout" name="placeOrder" time="6.666"/>
  <system-out/>
</testsuite> <!-- Shop.Tests.GuestCheckout -->
