<?xml version="1.0" encoding="UTF-8"?>
<!-- Generated by org.testng.reporters.JUnitReportReporter -->
<testsuite hostname="sanjay237" failures="0" tests="1" name="admin.Tests.ApplyCataloRuleTest" time="4.703" errors="0" timestamp="2022-12-09T16:10:28 IST" skipped="0">
  <testcase classname="admin.Tests.ApplyCataloRuleTest" name="create" time="4.703"/>
  <system-out/>
</testsuite> <!-- admin.Tests.ApplyCataloRuleTest -->
