<?xml version="1.0" encoding="UTF-8"?>
<!-- Generated by org.testng.reporters.JUnitReportReporter -->
<testsuite hostname="sanjay237" failures="0" tests="1" name="admin.Tests.CreateSimpleProduct" time="4.549" errors="0" timestamp="2022-11-29T13:26:37 IST" skipped="0">
  <testcase classname="admin.Tests.CreateSimpleProduct" name="Create" time="4.549"/>
  <system-out/>
</testsuite> <!-- admin.Tests.CreateSimpleProduct -->
