<?xml version="1.0" encoding="UTF-8"?>
<!-- Generated by org.testng.reporters.JUnitReportReporter -->
<testsuite hostname="sanjay237" failures="0" tests="1" name="admin.Tests.SalesTest" time="4.981" errors="0" timestamp="2023-01-09T13:54:29 IST" skipped="0">
  <testcase classname="admin.Tests.SalesTest" name="createShipping" time="4.981"/>
  <system-out/>
</testsuite> <!-- admin.Tests.SalesTest -->
