<?xml version="1.0" encoding="UTF-8"?>
<!-- Generated by org.testng.reporters.JUnitReportReporter -->
<testsuite hostname="sanjay237" failures="0" tests="2" name="Shop.Tests.CustomerCheckoutTest" time="23.835" errors="0" timestamp="2022-12-07T18:50:40 IST" skipped="1">
  <testcase classname="Shop.Tests.CustomerCheckoutTest" name="CustomerplaceOrder" time="18.029"/>
  <system-out/>
  <testcase classname="Shop.Tests.CustomerCheckoutTest" name="CustomerplaceOrder" time="5.806">
    <skipped/>
  </testcase> <!-- CustomerplaceOrder -->
  <system-out/>
</testsuite> <!-- Shop.Tests.CustomerCheckoutTest -->
