<?xml version="1.0" encoding="UTF-8"?>
<!-- Generated by org.testng.reporters.JUnitReportReporter -->
<testsuite hostname="sanjay237" failures="0" tests="1" name="Shop.Tests.VerifyMiniCart" time="7.049" errors="0" timestamp="2022-11-08T14:02:43 IST" skipped="0">
  <testcase classname="Shop.Tests.VerifyMiniCart" name="VerifyMiniCartPrice" time="7.049"/>
  <system-out/>
</testsuite> <!-- Shop.Tests.VerifyMiniCart -->
