<?xml version="1.0" encoding="UTF-8"?>
<!-- Generated by org.testng.reporters.JUnitReportReporter -->
<testsuite hostname="sanjay237" failures="0" tests="1" name="Shop.Tests.CustomerCheckout" time="23.994" errors="0" timestamp="2022-12-06T13:38:51 IST" skipped="0">
  <testcase classname="Shop.Tests.CustomerCheckout" name="CustomerplaceOrder" time="23.994"/>
  <system-out/>
</testsuite> <!-- Shop.Tests.CustomerCheckout -->
