<?xml version="1.0" encoding="UTF-8"?>
<!-- Generated by org.testng.reporters.JUnitReportReporter -->
<testsuite hostname="sanjay237" failures="0" tests="1" name="admin.Tests.AdminLoginTest" time="4.623" errors="0" timestamp="2022-12-12T19:18:06 IST" skipped="0">
  <testcase classname="admin.Tests.AdminLoginTest" name="login" time="4.623"/>
  <system-out/>
</testsuite> <!-- admin.Tests.AdminLoginTest -->
