<?xml version="1.0" encoding="UTF-8"?>
<!-- Generated by org.testng.reporters.JUnitReportReporter -->
<testsuite hostname="sanjay237" failures="0" tests="1" name="Shop.Tests.test" time="2.599" errors="0" timestamp="2022-12-22T17:23:57 IST" skipped="0">
  <testcase classname="Shop.Tests.test" name="testCase" time="2.599"/>
  <system-out/>
</testsuite> <!-- Shop.Tests.test -->
