<?xml version="1.0" encoding="UTF-8"?>
<!-- Generated by org.testng.reporters.JUnitReportReporter -->
<testsuite hostname="sanjay237" failures="0" tests="1" name="common.VerifyProductPriceTest" time="0.966" errors="0" timestamp="2022-12-07T19:03:03 IST" skipped="0">
  <testcase classname="common.VerifyProductPriceTest" name="verifyPrice" time="0.966"/>
  <system-out/>
</testsuite> <!-- common.VerifyProductPriceTest -->
