<?xml version="1.0" encoding="UTF-8"?>
<!-- Generated by org.testng.reporters.JUnitReportReporter -->
<testsuite hostname="sanjay237" failures="0" tests="1" name="admin.Tests.ProductPriceVerifyTest" time="0.475" errors="0" timestamp="2022-12-06T19:12:46 IST" skipped="0">
  <testcase classname="admin.Tests.ProductPriceVerifyTest" name="priceVerify" time="0.475"/>
  <system-out/>
</testsuite> <!-- admin.Tests.ProductPriceVerifyTest -->
