<?xml version="1.0" encoding="UTF-8"?>
<!-- Generated by org.testng.reporters.JUnitReportReporter -->
<testsuite hostname="sanjay237" failures="0" tests="1" name="Shop.Tests.GuestCheckout" time="9.547" errors="0" timestamp="2022-10-19T19:10:46 IST" skipped="0">
  <testcase classname="Shop.Tests.GuestCheckout" name="placeOrder" time="9.547"/>
  <system-out/>
</testsuite> <!-- Shop.Tests.GuestCheckout -->
