<?xml version="1.0" encoding="UTF-8"?>
<!-- Generated by org.testng.reporters.JUnitReportReporter -->
<testsuite hostname="sanjay237" failures="0" tests="1" name="Shop.Tests.CustomerCheckout" time="11.978" errors="0" timestamp="2022-11-11T19:18:29 IST" skipped="0">
  <testcase classname="Shop.Tests.CustomerCheckout" name="CustomerplaceOrder" time="11.978"/>
  <system-out/>
</testsuite> <!-- Shop.Tests.CustomerCheckout -->
