<?xml version="1.0" encoding="UTF-8"?>
<!-- Generated by org.testng.reporters.JUnitReportReporter -->
<testsuite hostname="sanjay237" failures="0" tests="1" name="common.ProductPriceTest" time="5.438" errors="0" timestamp="2022-12-20T11:49:33 IST" skipped="0">
  <testcase classname="common.ProductPriceTest" name="verify" time="5.438"/>
  <system-out/>
</testsuite> <!-- common.ProductPriceTest -->
