<?xml version="1.0" encoding="UTF-8"?>
<!-- Generated by org.testng.reporters.JUnitReportReporter -->
<testsuite hostname="sanjay237" failures="0" tests="2" name="Shop.Tests.CustomerCheckoutTest" time="181.275" errors="0" timestamp="2022-12-15T19:35:42 IST" skipped="1">
  <testcase classname="Shop.Tests.CustomerCheckoutTest" name="CustomerplaceOrder" time="115.198"/>
  <system-out/>
  <testcase classname="Shop.Tests.CustomerCheckoutTest" name="CustomerplaceOrder" time="66.077">
    <skipped/>
  </testcase> <!-- CustomerplaceOrder -->
  <system-out/>
</testsuite> <!-- Shop.Tests.CustomerCheckoutTest -->
