<?xml version="1.0" encoding="UTF-8"?>
<!-- Generated by org.testng.reporters.JUnitReportReporter -->
<testsuite hostname="sanjay237" failures="0" tests="3" name="Shop.Tests.CustomerCheckout" time="24.873" errors="0" timestamp="2022-10-16T16:44:45 IST" skipped="1">
  <testcase classname="Shop.Tests.CustomerCheckout" name="CustomerplaceOrder" time="4.482">
    <skipped/>
  </testcase> <!-- CustomerplaceOrder -->
  <system-out/>
  <testcase classname="Shop.Tests.CustomerCheckout" name="CustomerplaceOrder" time="7.645"/>
  <system-out/>
  <testcase classname="Shop.Tests.CustomerCheckout" name="CustomerplaceOrder" time="12.746"/>
  <system-out/>
</testsuite> <!-- Shop.Tests.CustomerCheckout -->
