<?xml version="1.0" encoding="UTF-8"?>
<!-- Generated by org.testng.reporters.JUnitReportReporter -->
<testsuite hostname="sanjay237" failures="0" tests="3" name="Shop.Tests.CustomerCheckout" time="27.102" errors="0" timestamp="2022-10-20T19:20:30 IST" skipped="1">
  <testcase classname="Shop.Tests.CustomerCheckout" name="CustomerplaceOrder" time="8.794"/>
  <system-out/>
  <testcase classname="Shop.Tests.CustomerCheckout" name="CustomerplaceOrder" time="10.789"/>
  <system-out/>
  <testcase classname="Shop.Tests.CustomerCheckout" name="CustomerplaceOrder" time="7.519">
    <skipped/>
  </testcase> <!-- CustomerplaceOrder -->
  <system-out/>
</testsuite> <!-- Shop.Tests.CustomerCheckout -->
