<?xml version="1.0" encoding="UTF-8"?>
<!-- Generated by org.testng.reporters.JUnitReportReporter -->
<testsuite hostname="sanjay237" failures="0" tests="1" name="Shop.Tests.VeryCartRuleTest" time="5.339" errors="0" timestamp="2022-12-12T18:05:33 IST" skipped="0">
  <testcase classname="Shop.Tests.VeryCartRuleTest" name="veryfy" time="5.339"/>
  <system-out/>
</testsuite> <!-- Shop.Tests.VeryCartRuleTest -->
