<?xml version="1.0" encoding="UTF-8"?>
<!-- Generated by org.testng.reporters.JUnitReportReporter -->
<testsuite hostname="sanjay237" failures="0" tests="1" name="ExcelDriven.getExcelData" time="0.000" errors="0" timestamp="2022-11-07T19:39:14 IST" skipped="1">
  <testcase classname="ExcelDriven.getExcelData" name="main" time="0.000">
    <skipped/>
  </testcase> <!-- main -->
  <system-out/>
</testsuite> <!-- ExcelDriven.getExcelData -->
