<?xml version="1.0" encoding="UTF-8"?>
<!-- Generated by org.testng.reporters.JUnitReportReporter -->
<testsuite hostname="sanjay237" failures="0" tests="1" name="Shop.Tests.GuestCheckout" time="11.905" errors="0" timestamp="2022-11-26T10:06:25 IST" skipped="0">
  <testcase classname="Shop.Tests.GuestCheckout" name="placeOrder" time="11.905"/>
  <system-out/>
</testsuite> <!-- Shop.Tests.GuestCheckout -->
