<?xml version="1.0" encoding="UTF-8"?>
<!-- Generated by org.testng.reporters.JUnitReportReporter -->
<testsuite hostname="sanjay237" failures="0" tests="1" name="Shop.Tests.GuestCheckout" time="8.610" errors="0" timestamp="2022-10-20T13:36:48 IST" skipped="0">
  <testcase classname="Shop.Tests.GuestCheckout" name="placeOrder" time="8.610"/>
  <system-out/>
</testsuite> <!-- Shop.Tests.GuestCheckout -->
