<?xml version="1.0" encoding="UTF-8"?>
<!-- Generated by org.testng.reporters.JUnitReportReporter -->
<testsuite hostname="sanjay237" failures="0" tests="1" name="Shop.Tests.VeryCartRuleTest" time="6.222" errors="0" timestamp="2022-12-12T17:54:03 IST" skipped="0">
  <testcase classname="Shop.Tests.VeryCartRuleTest" name="veryfy" time="6.222"/>
  <system-out/>
</testsuite> <!-- Shop.Tests.VeryCartRuleTest -->
