<?xml version="1.0" encoding="UTF-8"?>
<!-- Generated by org.testng.reporters.JUnitReportReporter -->
<testsuite hostname="sanjay237" failures="0" tests="1" name="Shop.Tests.test" time="1.405" errors="0" timestamp="2022-11-03T13:09:07 IST" skipped="0">
  <testcase classname="Shop.Tests.test" name="testCase" time="1.405"/>
  <system-out/>
</testsuite> <!-- Shop.Tests.test -->
