<?xml version="1.0" encoding="UTF-8"?>
<!-- Generated by org.testng.reporters.JUnitReportReporter -->
<testsuite hostname="sanjay237" failures="0" tests="2" name="Shop.Tests.CustomerCheckout" time="15.281" errors="0" timestamp="2022-10-12T15:44:59 IST" skipped="0">
  <testcase classname="Shop.Tests.CustomerCheckout" name="placeOrder" time="7.782"/>
  <system-out/>
  <testcase classname="Shop.Tests.CustomerCheckout" name="placeOrder" time="7.499"/>
  <system-out/>
</testsuite> <!-- Shop.Tests.CustomerCheckout -->
