<?xml version="1.0" encoding="UTF-8"?>
<!-- Generated by org.testng.reporters.JUnitReportReporter -->
<testsuite hostname="sanjay237" failures="0" tests="1" name="Shop.Tests.test" time="2.011" errors="0" timestamp="2022-11-04T13:16:14 IST" skipped="0">
  <testcase classname="Shop.Tests.test" name="testCase" time="2.011"/>
  <system-out/>
</testsuite> <!-- Shop.Tests.test -->
