<?xml version="1.0" encoding="UTF-8"?>
<!-- Generated by org.testng.reporters.JUnitReportReporter -->
<testsuite hostname="sanjay237" failures="0" tests="1" name="common.ProductPriceTest" time="2.802" errors="0" timestamp="2022-12-09T19:12:35 IST" skipped="0">
  <testcase classname="common.ProductPriceTest" name="verify" time="2.802"/>
  <system-out/>
</testsuite> <!-- common.ProductPriceTest -->
