<?xml version="1.0" encoding="UTF-8"?>
<!-- Generated by org.testng.reporters.JUnitReportReporter -->
<testsuite hostname="sanjay237" failures="0" tests="1" name="admin.Tests.CreateSimpleProductTest" time="40.972" errors="0" timestamp="2023-01-09T16:16:16 IST" skipped="0">
  <testcase classname="admin.Tests.CreateSimpleProductTest" name="Createproduct" time="40.972"/>
  <system-out/>
</testsuite> <!-- admin.Tests.CreateSimpleProductTest -->
