<?xml version="1.0" encoding="UTF-8"?>
<!-- Generated by org.testng.reporters.JUnitReportReporter -->
<testsuite hostname="sanjay237" failures="0" tests="1" name="Shop.Tests.CustomerCheckout" time="16.392" errors="0" timestamp="2022-11-16T17:32:55 IST" skipped="0">
  <testcase classname="Shop.Tests.CustomerCheckout" name="CustomerplaceOrder" time="16.392"/>
  <system-out/>
</testsuite> <!-- Shop.Tests.CustomerCheckout -->
