<?xml version="1.0" encoding="UTF-8"?>
<!-- Generated by org.testng.reporters.JUnitReportReporter -->
<testsuite hostname="sanjay237" failures="0" tests="1" name="bagisto.automationFramework.CustomerPlaceOrder" time="4.406" errors="0" timestamp="2022-10-04T19:26:35 IST" skipped="0">
  <testcase classname="bagisto.automationFramework.CustomerPlaceOrder" name="placeOrder" time="4.406"/>
  <system-out/>
</testsuite> <!-- bagisto.automationFramework.CustomerPlaceOrder -->
