<?xml version="1.0" encoding="UTF-8"?>
<!-- Generated by org.testng.reporters.JUnitReportReporter -->
<testsuite hostname="sanjay237" failures="0" tests="1" name="admin.Tests.CreateSimpleProductTest" time="40.538" errors="0" timestamp="2022-12-07T18:15:21 IST" skipped="0">
  <testcase classname="admin.Tests.CreateSimpleProductTest" name="Create" time="40.538"/>
  <system-out/>
</testsuite> <!-- admin.Tests.CreateSimpleProductTest -->
