<?xml version="1.0" encoding="UTF-8"?>
<!-- Generated by org.testng.reporters.JUnitReportReporter -->
<testsuite hostname="sanjay237" failures="0" tests="2" name="Shop.Tests.CustomerCheckout" time="22.610" errors="0" timestamp="2022-10-19T12:18:56 IST" skipped="0">
  <testcase classname="Shop.Tests.CustomerCheckout" name="CustomerplaceOrder" time="8.989"/>
  <system-out/>
  <testcase classname="Shop.Tests.CustomerCheckout" name="CustomerplaceOrder" time="13.621"/>
  <system-out/>
</testsuite> <!-- Shop.Tests.CustomerCheckout -->
