<?xml version="1.0" encoding="UTF-8"?>
<!-- Generated by org.testng.reporters.JUnitReportReporter -->
<testsuite hostname="sanjay237" failures="0" tests="1" name="common.DemoTest" time="3.466" errors="0" timestamp="2022-12-12T19:16:21 IST" skipped="0">
  <testcase classname="common.DemoTest" name="demotest" time="3.466"/>
  <system-out/>
</testsuite> <!-- common.DemoTest -->
