<?xml version="1.0" encoding="UTF-8"?>
<!-- Generated by org.testng.reporters.JUnitReportReporter -->
<testsuite hostname="sanjay237" failures="0" tests="1" name="admin.Tests.CreateSimpleProductTest" time="37.464" errors="0" timestamp="2022-11-30T17:12:42 IST" skipped="0">
  <testcase classname="admin.Tests.CreateSimpleProductTest" name="Create" time="37.464"/>
  <system-out/>
</testsuite> <!-- admin.Tests.CreateSimpleProductTest -->
