<?xml version="1.0" encoding="UTF-8"?>
<!-- Generated by org.testng.reporters.JUnitReportReporter -->
<testsuite hostname="sanjay237" failures="0" tests="1" name="bagisto.automationFramework.CustomerPlaceOrder" time="3.681" errors="0" timestamp="2022-10-04T18:48:58 IST" skipped="0">
  <testcase classname="bagisto.automationFramework.CustomerPlaceOrder" name="placeOrder" time="3.681"/>
  <system-out/>
</testsuite> <!-- bagisto.automationFramework.CustomerPlaceOrder -->
