<?xml version="1.0" encoding="UTF-8"?>
<!-- Generated by org.testng.reporters.JUnitReportReporter -->
<testsuite hostname="sanjay237" failures="0" tests="1" name="Shop.Tests.test" time="7.751" errors="0" timestamp="2022-11-08T18:56:26 IST" skipped="0">
  <testcase classname="Shop.Tests.test" name="testCase" time="7.751"/>
  <system-out/>
</testsuite> <!-- Shop.Tests.test -->
