<?xml version="1.0" encoding="UTF-8"?>
<!-- Generated by org.testng.reporters.JUnitReportReporter -->
<testsuite hostname="sanjay237" failures="0" tests="1" name="admin.Tests.ApplyCartRule" time="7.001" errors="0" timestamp="2022-12-12T18:05:33 IST" skipped="0">
  <testcase classname="admin.Tests.ApplyCartRule" name="apply" time="7.001"/>
  <system-out/>
</testsuite> <!-- admin.Tests.ApplyCartRule -->
