<?xml version="1.0" encoding="UTF-8"?>
<!-- Generated by org.testng.reporters.JUnitReportReporter -->
<testsuite hostname="sanjay237" failures="0" tests="2" name="Shop.Tests.CustomerCheckout" time="18.173" errors="0" timestamp="2022-10-11T19:36:36 IST" skipped="0">
  <testcase classname="Shop.Tests.CustomerCheckout" name="placeOrder" time="9.519"/>
  <system-out/>
  <testcase classname="Shop.Tests.CustomerCheckout" name="placeOrder" time="8.654"/>
  <system-out/>
</testsuite> <!-- Shop.Tests.CustomerCheckout -->
