<?xml version="1.0" encoding="UTF-8"?>
<!-- Generated by org.testng.reporters.JUnitReportReporter -->
<testsuite hostname="sanjay237" failures="0" tests="2" name="bagisto.automationFramework.CustomerCheckout" time="18.258" errors="0" timestamp="2022-10-10T18:39:26 IST" skipped="0">
  <testcase classname="bagisto.automationFramework.CustomerCheckout" name="placeOrder" time="9.580"/>
  <system-out/>
  <testcase classname="bagisto.automationFramework.CustomerCheckout" name="placeOrder" time="8.678"/>
  <system-out/>
</testsuite> <!-- bagisto.automationFramework.CustomerCheckout -->
