<?xml version="1.0" encoding="UTF-8"?>
<!-- Generated by org.testng.reporters.JUnitReportReporter -->
<testsuite hostname="sanjay237" failures="0" tests="1" name="admin.Tests.CreateSimpleProductTest" time="40.567" errors="0" timestamp="2022-12-28T17:14:34 IST" skipped="0">
  <testcase classname="admin.Tests.CreateSimpleProductTest" name="Createproduct" time="40.567"/>
  <system-out/>
</testsuite> <!-- admin.Tests.CreateSimpleProductTest -->
