<?xml version="1.0" encoding="UTF-8"?>
<!-- Generated by org.testng.reporters.JUnitReportReporter -->
<testsuite hostname="sanjay237" failures="0" tests="1" name="admin.Tests.AdminLoginTest" time="4.065" errors="0" timestamp="2022-12-09T16:52:55 IST" skipped="0">
  <testcase classname="admin.Tests.AdminLoginTest" name="login" time="4.065"/>
  <system-out/>
</testsuite> <!-- admin.Tests.AdminLoginTest -->
