<?xml version="1.0" encoding="UTF-8"?>
<!-- Generated by org.testng.reporters.JUnitReportReporter -->
<testsuite hostname="sanjay237" failures="0" tests="2" name="Shop.Tests.CustomerCheckout" time="20.186" errors="0" timestamp="2022-10-20T13:40:22 IST" skipped="0">
  <testcase classname="Shop.Tests.CustomerCheckout" name="CustomerplaceOrder" time="9.637"/>
  <system-out/>
  <testcase classname="Shop.Tests.CustomerCheckout" name="CustomerplaceOrder" time="10.549"/>
  <system-out/>
</testsuite> <!-- Shop.Tests.CustomerCheckout -->
