<?xml version="1.0" encoding="UTF-8"?>
<!-- Generated by org.testng.reporters.JUnitReportReporter -->
<testsuite hostname="sanjay237" failures="0" tests="1" name="Shop.Tests.test" time="4.967" errors="0" timestamp="2022-12-22T19:13:54 IST" skipped="0">
  <testcase classname="Shop.Tests.test" name="testCase" time="4.967"/>
  <system-out/>
</testsuite> <!-- Shop.Tests.test -->
