<?xml version="1.0" encoding="UTF-8"?>
<!-- Generated by org.testng.reporters.JUnitReportReporter -->
<testsuite hostname="sanjay237" failures="0" tests="1" name="admin.Tests.UploadProductsImage" time="5.346" errors="0" timestamp="2022-11-29T12:32:39 IST" skipped="0">
  <testcase classname="admin.Tests.UploadProductsImage" name="testUpload" time="5.346"/>
  <system-out/>
</testsuite> <!-- admin.Tests.UploadProductsImage -->
