<?xml version="1.0" encoding="UTF-8"?>
<!-- Generated by org.testng.reporters.JUnitReportReporter -->
<testsuite hostname="sanjay237" failures="0" tests="1" name="Shop.Tests.CustomerCheckoutTest" time="59.119" errors="0" timestamp="2023-01-11T15:42:08 IST" skipped="0">
  <testcase classname="Shop.Tests.CustomerCheckoutTest" name="CustomerplaceOrder" time="59.119"/>
  <system-out/>
</testsuite> <!-- Shop.Tests.CustomerCheckoutTest -->
