<?xml version="1.0" encoding="UTF-8"?>
<!-- Generated by org.testng.reporters.JUnitReportReporter -->
<testsuite hostname="sanjay237" failures="0" tests="2" name="Shop.Tests.CustomerCheckout" time="20.128" errors="0" timestamp="2022-10-12T17:52:00 IST" skipped="0">
  <testcase classname="Shop.Tests.CustomerCheckout" name="placeOrder" time="7.392"/>
  <system-out/>
  <testcase classname="Shop.Tests.CustomerCheckout" name="placeOrder" time="12.736"/>
  <system-out/>
</testsuite> <!-- Shop.Tests.CustomerCheckout -->
