<?xml version="1.0" encoding="UTF-8"?>
<!-- Generated by org.testng.reporters.JUnitReportReporter -->
<testsuite hostname="sanjay237" failures="0" tests="1" name="Shop.Tests.VerifyMiniCart" time="7.599" errors="0" timestamp="2022-11-03T15:16:02 IST" skipped="0">
  <testcase classname="Shop.Tests.VerifyMiniCart" name="VerifyMiniCartPrice" time="7.599"/>
  <system-out/>
</testsuite> <!-- Shop.Tests.VerifyMiniCart -->
