<?xml version="1.0" encoding="UTF-8"?>
<!-- Generated by org.testng.reporters.JUnitReportReporter -->
<testsuite hostname="sanjay237" failures="0" tests="1" name="Shop.Tests.CustomerCheckout" time="25.487" errors="0" timestamp="2022-12-05T18:59:13 IST" skipped="0">
  <testcase classname="Shop.Tests.CustomerCheckout" name="CustomerplaceOrder" time="25.487"/>
  <system-out/>
</testsuite> <!-- Shop.Tests.CustomerCheckout -->
