<?xml version="1.0" encoding="UTF-8"?>
<!-- Generated by org.testng.reporters.JUnitReportReporter -->
<testsuite hostname="sanjay237" failures="0" tests="1" name="common.VerifyProductPriceTest" time="2.786" errors="0" timestamp="2022-12-09T16:38:03 IST" skipped="0">
  <testcase classname="common.VerifyProductPriceTest" name="verifyPrice" time="2.786"/>
  <system-out/>
</testsuite> <!-- common.VerifyProductPriceTest -->
