<?xml version="1.0" encoding="UTF-8"?>
<!-- Generated by org.testng.reporters.JUnitReportReporter -->
<testsuite hostname="sanjay237" failures="0" tests="1" name="admin.Tests.CreateSimpleProductTest" time="0.000" errors="0" timestamp="2022-12-02T19:22:29 IST" skipped="1">
  <testcase classname="admin.Tests.CreateSimpleProductTest" name="Create" time="0.000">
    <skipped/>
  </testcase> <!-- Create -->
  <system-out/>
</testsuite> <!-- admin.Tests.CreateSimpleProductTest -->
