<?xml version="1.0" encoding="UTF-8"?>
<!-- Generated by org.testng.reporters.JUnitReportReporter -->
<testsuite hostname="sanjay237" failures="0" tests="1" name="common.verifyCatalogRuleTest" time="4.063" errors="0" timestamp="2022-12-09T19:18:13 IST" skipped="0">
  <testcase classname="common.verifyCatalogRuleTest" name="verify" time="4.063"/>
  <system-out/>
</testsuite> <!-- common.verifyCatalogRuleTest -->
