<?xml version="1.0" encoding="UTF-8"?>
<!-- Generated by org.testng.reporters.JUnitReportReporter -->
<testsuite hostname="sanjay237" failures="0" tests="1" name="Shop.Tests.CustomerCheckoutTest" time="42.847" errors="0" timestamp="2022-12-14T19:48:29 IST" skipped="0">
  <testcase classname="Shop.Tests.CustomerCheckoutTest" name="CustomerplaceOrder" time="42.847"/>
  <system-out/>
</testsuite> <!-- Shop.Tests.CustomerCheckoutTest -->
