<?xml version="1.0" encoding="UTF-8"?>
<!-- Generated by org.testng.reporters.JUnitReportReporter -->
<testsuite hostname="sanjay237" failures="0" tests="2" name="Shop.Tests.CustomerCheckout" time="19.334" errors="0" timestamp="2022-10-16T16:29:53 IST" skipped="0">
  <testcase classname="Shop.Tests.CustomerCheckout" name="CustomerplaceOrder" time="11.979"/>
  <system-out/>
  <testcase classname="Shop.Tests.CustomerCheckout" name="CustomerplaceOrder" time="7.355"/>
  <system-out/>
</testsuite> <!-- Shop.Tests.CustomerCheckout -->
