<?xml version="1.0" encoding="UTF-8"?>
<!-- Generated by org.testng.reporters.JUnitReportReporter -->
<testsuite hostname="sanjay237" failures="0" tests="1" name="admin.Tests.CreateSimpleProduct" time="9.566" errors="0" timestamp="2022-11-28T19:54:58 IST" skipped="0">
  <testcase classname="admin.Tests.CreateSimpleProduct" name="Create" time="9.566"/>
  <system-out/>
</testsuite> <!-- admin.Tests.CreateSimpleProduct -->
