<?xml version="1.0" encoding="UTF-8"?>
<!-- Generated by org.testng.reporters.JUnitReportReporter -->
<testsuite hostname="sanjay237" failures="0" tests="1" name="admin.Tests.ApplyCataloRuleTest" time="0.000" errors="0" timestamp="2022-12-09T11:27:25 IST" skipped="1">
  <testcase classname="admin.Tests.ApplyCataloRuleTest" name="create" time="0.000">
    <skipped/>
  </testcase> <!-- create -->
  <system-out/>
</testsuite> <!-- admin.Tests.ApplyCataloRuleTest -->
