<?xml version="1.0" encoding="UTF-8"?>
<!-- Generated by org.testng.reporters.JUnitReportReporter -->
<testsuite hostname="sanjay237" failures="0" tests="1" name="Shop.Tests.CustomerCheckoutTest" time="20.353" errors="0" timestamp="2022-12-06T16:36:41 IST" skipped="0">
  <testcase classname="Shop.Tests.CustomerCheckoutTest" name="CustomerplaceOrder" time="20.353"/>
  <system-out/>
</testsuite> <!-- Shop.Tests.CustomerCheckoutTest -->
