<?xml version="1.0" encoding="UTF-8"?>
<!-- Generated by org.testng.reporters.JUnitReportReporter -->
<testsuite hostname="sanjay237" failures="0" tests="1" name="admin.Tests.SalesTest" time="3.326" errors="0" timestamp="2022-12-16T13:56:40 IST" skipped="0">
  <testcase classname="admin.Tests.SalesTest" name="createShipping" time="3.326"/>
  <system-out/>
</testsuite> <!-- admin.Tests.SalesTest -->
