<?xml version="1.0" encoding="UTF-8"?>
<!-- Generated by org.testng.reporters.JUnitReportReporter -->
<testsuite hostname="sanjay237" failures="0" tests="1" name="Velocity.Customerlogin" time="7.086" errors="0" timestamp="2022-09-27T16:17:42 IST" skipped="0">
  <testcase classname="Velocity.Customerlogin" name="Login" time="7.086"/>
  <system-out/>
</testsuite> <!-- Velocity.Customerlogin -->
