<?xml version="1.0" encoding="UTF-8"?>
<!-- Generated by org.testng.reporters.JUnitReportReporter -->
<testsuite hostname="sanjay237" failures="0" tests="4" name="Velocity.Customerlogin" time="8.475" errors="0" timestamp="2022-09-29T14:45:26 IST" skipped="0">
  <testcase classname="Velocity.Customerlogin" name="waite" time="2.002"/>
  <system-out/>
  <testcase classname="Velocity.Customerlogin" name="Login" time="1.322"/>
  <system-out/>
  <testcase classname="Velocity.Customerlogin" name="openBrowser" time="3.768"/>
  <system-out/>
  <testcase classname="Velocity.Customerlogin" name="Login" time="1.383"/>
  <system-out/>
</testsuite> <!-- Velocity.Customerlogin -->
