<?xml version="1.0" encoding="UTF-8"?>
<!-- Generated by org.testng.reporters.JUnitReportReporter -->
<testsuite hostname="sanjay237" failures="0" tests="3" name="Velocity.Customerlogin" time="7.301" errors="0" timestamp="2022-09-29T13:30:46 IST" skipped="0">
  <testcase classname="Velocity.Customerlogin" name="waite" time="2.010"/>
  <system-out/>
  <testcase classname="Velocity.Customerlogin" name="Login" time="1.445"/>
  <system-out/>
  <testcase classname="Velocity.Customerlogin" name="openBrowser" time="3.846"/>
  <system-out/>
</testsuite> <!-- Velocity.Customerlogin -->
