<?xml version="1.0" encoding="UTF-8"?>
<!-- Generated by org.testng.reporters.JUnitReportReporter -->
<testsuite hostname="sanjay237" failures="0" tests="4" name="Velocity.Customerlogin" time="8.447" errors="0" timestamp="2022-09-29T13:54:02 IST" skipped="0">
  <testcase classname="Velocity.Customerlogin" name="waite" time="2.004"/>
  <system-out/>
  <testcase classname="Velocity.Customerlogin" name="Login" time="1.273"/>
  <system-out/>
  <testcase classname="Velocity.Customerlogin" name="openBrowser" time="3.715"/>
  <system-out/>
  <testcase classname="Velocity.Customerlogin" name="Login" time="1.455"/>
  <system-out/>
</testsuite> <!-- Velocity.Customerlogin -->
