<?xml version="1.0" encoding="UTF-8"?>
<!-- Generated by org.testng.reporters.JUnitReportReporter -->
<testsuite hostname="sanjay237" failures="0" tests="1" name="Velocity.Customerlogin" time="6.530" errors="0" timestamp="2022-09-27T17:07:27 IST" skipped="0">
  <testcase classname="Velocity.Customerlogin" name="Login" time="6.530"/>
  <system-out/>
</testsuite> <!-- Velocity.Customerlogin -->
