<?xml version="1.0" encoding="UTF-8"?>
<!-- Generated by org.testng.reporters.JUnitReportReporter -->
<testsuite hostname="sanjay237" failures="0" tests="1" name="Velocity.Customerlogin" time="10.187" errors="0" timestamp="2022-09-28T16:44:48 IST" skipped="0">
  <testcase classname="Velocity.Customerlogin" name="Login" time="10.187"/>
  <system-out/>
</testsuite> <!-- Velocity.Customerlogin -->
